0 verbose cli /usr/local/bin/node /usr/local/bin/npm
1 info using npm@10.8.3
2 info using node@v20.17.0
3 silly config load:file:/usr/local/lib/node_modules/npm/npmrc
4 silly config load:file:/home/container/.npmrc
5 silly config load:file:/usr/local/etc/npmrc
6 verbose title npm install
7 verbose argv "install"
8 verbose logfile logs-max:10 dir:/home/container/.npm/_logs/2024-09-10T13_10_10_893Z-
9 verbose logfile /home/container/.npm/_logs/2024-09-10T13_10_10_893Z-debug-0.log
10 silly packumentCache heap:307232768 maxSize:76808192 maxEntrySize:38404096
11 silly logfile done cleaning log files
12 silly idealTree buildDeps
13 silly reify moves {}
14 silly audit bulk request {
14 silly audit   '@ampproject/remapping': [ '2.3.0' ],
14 silly audit   '@babel/code-frame': [ '7.24.7' ],
14 silly audit   '@babel/compat-data': [ '7.25.4' ],
14 silly audit   '@babel/core': [ '7.25.2' ],
14 silly audit   debug: [ '4.3.6', '4.3.4', '2.6.9', '3.1.0', '4.1.1' ],
14 silly audit   ms: [ '2.1.2', '2.0.0', '2.1.3' ],
14 silly audit   semver: [ '6.3.1', '7.6.2' ],
14 silly audit   '@babel/generator': [ '7.25.6' ],
14 silly audit   '@babel/helper-compilation-targets': [ '7.25.2' ],
14 silly audit   '@babel/helper-module-imports': [ '7.24.7' ],
14 silly audit   '@babel/helper-module-transforms': [ '7.25.2' ],
14 silly audit   '@babel/helper-plugin-utils': [ '7.24.8' ],
14 silly audit   '@babel/helper-simple-access': [ '7.24.7' ],
14 silly audit   '@babel/helper-string-parser': [ '7.24.8' ],
14 silly audit   '@babel/helper-validator-identifier': [ '7.24.7' ],
14 silly audit   '@babel/helper-validator-option': [ '7.24.8' ],
14 silly audit   '@babel/helpers': [ '7.25.6' ],
14 silly audit   '@babel/highlight': [ '7.24.7' ],
14 silly audit   'ansi-styles': [ '3.2.1', '4.3.0', '5.2.0', '6.2.1' ],
14 silly audit   chalk: [ '2.4.2', '4.1.2' ],
14 silly audit   'color-convert': [ '1.9.3', '2.0.1' ],
14 silly audit   'color-name': [ '1.1.3', '1.1.4' ],
14 silly audit   'escape-string-regexp': [ '1.0.5', '2.0.0' ],
14 silly audit   'has-flag': [ '3.0.0', '4.0.0' ],
14 silly audit   'supports-color': [ '5.5.0', '8.1.1', '7.2.0' ],
14 silly audit   '@babel/parser': [ '7.25.6' ],
14 silly audit   '@babel/plugin-syntax-async-generators': [ '7.8.4' ],
14 silly audit   '@babel/plugin-syntax-bigint': [ '7.8.3' ],
14 silly audit   '@babel/plugin-syntax-class-properties': [ '7.12.13' ],
14 silly audit   '@babel/plugin-syntax-class-static-block': [ '7.14.5' ],
14 silly audit   '@babel/plugin-syntax-import-attributes': [ '7.25.6' ],
14 silly audit   '@babel/plugin-syntax-import-meta': [ '7.10.4' ],
14 silly audit   '@babel/plugin-syntax-json-strings': [ '7.8.3' ],
14 silly audit   '@babel/plugin-syntax-jsx': [ '7.24.7' ],
14 silly audit   '@babel/plugin-syntax-logical-assignment-operators': [ '7.10.4' ],
14 silly audit   '@babel/plugin-syntax-nullish-coalescing-operator': [ '7.8.3' ],
14 silly audit   '@babel/plugin-syntax-numeric-separator': [ '7.10.4' ],
14 silly audit   '@babel/plugin-syntax-object-rest-spread': [ '7.8.3' ],
14 silly audit   '@babel/plugin-syntax-optional-catch-binding': [ '7.8.3' ],
14 silly audit   '@babel/plugin-syntax-optional-chaining': [ '7.8.3' ],
14 silly audit   '@babel/plugin-syntax-private-property-in-object': [ '7.14.5' ],
14 silly audit   '@babel/plugin-syntax-top-level-await': [ '7.14.5' ],
14 silly audit   '@babel/plugin-syntax-typescript': [ '7.25.4' ],
14 silly audit   '@babel/template': [ '7.25.0' ],
14 silly audit   '@babel/traverse': [ '7.25.6' ],
14 silly audit   '@babel/types': [ '7.25.6' ],
14 silly audit   '@bcoe/v8-coverage': [ '0.2.3' ],
14 silly audit   '@discordjs/builders': [ '1.8.2' ],
14 silly audit   '@discordjs/collection': [ '1.5.3', '2.1.0' ],
14 silly audit   '@discordjs/formatters': [ '0.4.0' ],
14 silly audit   '@discordjs/rest': [ '2.3.0' ],
14 silly audit   '@discordjs/util': [ '1.1.0' ],
14 silly audit   '@discordjs/ws': [ '1.1.1' ],
14 silly audit   '@execaman/lyricist': [ '2.0.2' ],
14 silly audit   '@fastify/busboy': [ '2.1.1' ],
14 silly audit   '@istanbuljs/load-nyc-config': [ '1.1.0' ],
14 silly audit   argparse: [ '1.0.10', '2.0.1' ],
14 silly audit   'js-yaml': [ '3.14.1', '4.1.0' ],
14 silly audit   '@istanbuljs/schema': [ '0.1.3' ],
14 silly audit   '@jest/console': [ '29.7.0' ],
14 silly audit   '@jest/core': [ '29.7.0' ],
14 silly audit   'ansi-escapes': [ '4.3.2', '6.2.1' ],
14 silly audit   'ansi-regex': [ '5.0.1', '6.0.1' ],
14 silly audit   'strip-ansi': [ '6.0.1', '7.1.0' ],
14 silly audit   '@jest/environment': [ '29.7.0' ],
14 silly audit   '@jest/expect': [ '29.7.0' ],
14 silly audit   '@jest/expect-utils': [ '29.7.0' ],
14 silly audit   '@jest/fake-timers': [ '29.7.0' ],
14 silly audit   '@jest/globals': [ '29.7.0' ],
14 silly audit   '@jest/reporters': [ '29.7.0' ],
14 silly audit   'brace-expansion': [ '1.1.11', '2.0.1' ],
14 silly audit   glob: [ '7.2.3', '8.1.0' ],
14 silly audit   minimatch: [ '3.1.2', '5.1.6' ],
14 silly audit   '@jest/schemas': [ '29.6.3' ],
14 silly audit   '@jest/source-map': [ '29.6.3' ],
14 silly audit   '@jest/test-result': [ '29.7.0' ],
14 silly audit   '@jest/test-sequencer': [ '29.7.0' ],
14 silly audit   '@jest/transform': [ '29.7.0' ],
14 silly audit   '@jest/types': [ '29.6.3' ],
14 silly audit   '@jimp/bmp': [ '0.22.12' ],
14 silly audit   '@jimp/core': [ '0.22.12' ],
14 silly audit   '@jimp/custom': [ '0.22.12' ],
14 silly audit   '@jimp/gif': [ '0.22.12' ],
14 silly audit   '@jimp/jpeg': [ '0.22.12' ],
14 silly audit   '@jimp/plugin-blit': [ '0.22.12' ],
14 silly audit   '@jimp/plugin-blur': [ '0.22.12' ],
14 silly audit   '@jimp/plugin-circle': [ '0.22.12' ],
14 silly audit   '@jimp/plugin-color': [ '0.22.12' ],
14 silly audit   '@jimp/plugin-contain': [ '0.22.12' ],
14 silly audit   '@jimp/plugin-cover': [ '0.22.12' ],
14 silly audit   '@jimp/plugin-crop': [ '0.22.12' ],
14 silly audit   '@jimp/plugin-displace': [ '0.22.12' ],
14 silly audit   '@jimp/plugin-dither': [ '0.22.12' ],
14 silly audit   '@jimp/plugin-fisheye': [ '0.22.12' ],
14 silly audit   '@jimp/plugin-flip': [ '0.22.12' ],
14 silly audit   '@jimp/plugin-gaussian': [ '0.22.12' ],
14 silly audit   '@jimp/plugin-invert': [ '0.22.12' ],
14 silly audit   '@jimp/plugin-mask': [ '0.22.12' ],
14 silly audit   '@jimp/plugin-normalize': [ '0.22.12' ],
14 silly audit   '@jimp/plugin-print': [ '0.22.12' ],
14 silly audit   '@jimp/plugin-resize': [ '0.22.12' ],
14 silly audit   '@jimp/plugin-rotate': [ '0.22.12' ],
14 silly audit   '@jimp/plugin-scale': [ '0.22.12' ],
14 silly audit   '@jimp/plugin-shadow': [ '0.22.12' ],
14 silly audit   '@jimp/plugin-threshold': [ '0.22.12' ],
14 silly audit   '@jimp/plugins': [ '0.22.12' ],
14 silly audit   '@jimp/png': [ '0.22.12' ],
14 silly audit   '@jimp/tiff': [ '0.22.12' ],
14 silly audit   '@jimp/types': [ '0.22.12' ],
14 silly audit   '@jimp/utils': [ '0.22.12' ],
14 silly audit   '@joshdb/core': [ '1.2.7' ],
14 silly audit   '@joshdb/json': [ '1.0.5' ],
14 silly audit   'serialize-javascript': [ '5.0.1', '6.0.2' ],
14 silly audit   '@jridgewell/gen-mapping': [ '0.3.5' ],
14 silly audit   '@jridgewell/resolve-uri': [ '3.1.2' ],
14 silly audit   '@jridgewell/set-array': [ '1.2.1' ],
14 silly audit   '@jridgewell/sourcemap-codec': [ '1.5.0' ],
14 silly audit   '@jridgewell/trace-mapping': [ '0.3.25' ],
14 silly audit   '@mapbox/node-pre-gyp': [ '1.0.11' ],
14 silly audit   '@napi-rs/canvas': [ '0.1.54' ],
14 silly audit   '@napi-rs/canvas-android-arm64': [ '0.1.54' ],
14 silly audit   '@napi-rs/canvas-darwin-arm64': [ '0.1.54' ],
14 silly audit   '@napi-rs/canvas-darwin-x64': [ '0.1.54' ],
14 silly audit   '@napi-rs/canvas-linux-arm-gnueabihf': [ '0.1.54' ],
14 silly audit   '@napi-rs/canvas-linux-arm64-gnu': [ '0.1.54' ],
14 silly audit   '@napi-rs/canvas-linux-arm64-musl': [ '0.1.54' ],
14 silly audit   '@napi-rs/canvas-linux-x64-gnu': [ '0.1.54' ],
14 silly audit   '@napi-rs/canvas-linux-x64-musl': [ '0.1.54' ],
14 silly audit   '@napi-rs/canvas-win32-x64-msvc': [ '0.1.54' ],
14 silly audit   '@sapphire/async-queue': [ '1.5.3' ],
14 silly audit   '@sapphire/ratelimits': [ '2.4.9' ],
14 silly audit   '@sapphire/shapeshift': [ '3.9.7' ],
14 silly audit   '@sapphire/snowflake': [ '3.5.3' ],
14 silly audit   '@sinclair/typebox': [ '0.27.8' ],
14 silly audit   '@sindresorhus/is': [ '4.6.0' ],
14 silly audit   '@sinonjs/commons': [ '3.0.1' ],
14 silly audit   '@sinonjs/fake-timers': [ '10.3.0' ],
14 silly audit   '@szmarczak/http-timer': [ '4.0.6' ],
14 silly audit   '@tokenizer/token': [ '0.3.0' ],
14 silly audit   '@types/babel__core': [ '7.20.5' ],
14 silly audit   '@types/babel__generator': [ '7.6.8' ],
14 silly audit   '@types/babel__template': [ '7.4.4' ],
14 silly audit   '@types/babel__traverse': [ '7.20.6' ],
14 silly audit   '@types/cacheable-request': [ '6.0.3' ],
14 silly audit   '@types/graceful-fs': [ '4.1.9' ],
14 silly audit   '@types/http-cache-semantics': [ '4.0.4' ],
14 silly audit   '@types/istanbul-lib-coverage': [ '2.0.6' ],
14 silly audit   '@types/istanbul-lib-report': [ '3.0.3' ],
14 silly audit   '@types/istanbul-reports': [ '3.0.4' ],
14 silly audit   '@types/keyv': [ '3.1.4' ],
14 silly audit   '@types/node': [ '18.0.6', '16.9.1' ],
14 silly audit   '@types/responselike': [ '1.0.3' ],
14 silly audit   '@types/stack-utils': [ '2.0.3' ],
14 silly audit   '@types/ws': [ '8.5.12' ],
14 silly audit   '@types/yargs': [ '17.0.33' ],
14 silly audit   '@types/yargs-parser': [ '21.0.3' ],
14 silly audit   '@vladfrangu/async_event_emitter': [ '2.4.6' ],
14 silly audit   abbrev: [ '1.1.1' ],
14 silly audit   accepts: [ '1.3.8' ],
14 silly audit   after: [ '0.8.2' ],
14 silly audit   'agent-base': [ '6.0.2' ],
14 silly audit   'any-base': [ '1.1.0' ],
14 silly audit   anymatch: [ '3.1.3' ],
14 silly audit   aproba: [ '2.0.0' ],
14 silly audit   archiver: [ '6.0.2' ],
14 silly audit   'archiver-utils': [ '4.0.1' ],
14 silly audit   'are-we-there-yet': [ '2.0.0' ],
14 silly audit   'array-flatten': [ '1.1.1' ],
14 silly audit   'arraybuffer.slice': [ '0.0.7' ],
14 silly audit   async: [ '3.2.5' ],
14 silly audit   asynckit: [ '0.4.0' ],
14 silly audit   atomically: [ '1.7.0' ],
14 silly audit   axios: [ '1.7.5', '0.26.0', '0.22.0' ],
14 silly audit   b4a: [ '1.6.6' ],
14 silly audit   'babel-jest': [ '29.7.0' ],
14 silly audit   'babel-plugin-istanbul': [ '6.1.1' ],
14 silly audit   'istanbul-lib-instrument': [ '5.2.1', '6.0.3' ],
14 silly audit   'babel-plugin-jest-hoist': [ '29.6.3' ],
14 silly audit   'babel-preset-current-node-syntax': [ '1.1.0' ],
14 silly audit   'babel-preset-jest': [ '29.6.3' ],
14 silly audit   backo2: [ '1.0.2' ],
14 silly audit   'balanced-match': [ '1.0.2' ],
14 silly audit   'bare-events': [ '2.2.2' ],
14 silly audit   'base64-arraybuffer': [ '0.1.4' ],
14 silly audit   'base64-js': [ '1.5.1' ],
14 silly audit   base64id: [ '2.0.0' ],
14 silly audit   blob: [ '0.0.5' ],
14 silly audit   'bmp-js': [ '0.1.0' ],
14 silly audit   'body-parser': [ '1.20.2' ],
14 silly audit   boolbase: [ '1.0.0' ],
14 silly audit   braces: [ '3.0.3' ],
14 silly audit   browserslist: [ '4.23.3' ],
14 silly audit   bser: [ '2.1.1' ],
14 silly audit   buffer: [ '5.7.1' ],
14 silly audit   'buffer-crc32': [ '0.2.13' ],
14 silly audit   'buffer-equal': [ '0.0.1' ],
14 silly audit   'buffer-from': [ '1.1.2' ],
14 silly audit   bytes: [ '3.1.2' ],
14 silly audit   'cacheable-lookup': [ '5.0.4' ],
14 silly audit   'cacheable-request': [ '7.0.4' ],
14 silly audit   'call-bind': [ '1.0.7' ],
14 silly audit   callsites: [ '3.1.0' ],
14 silly audit   camelcase: [ '5.3.1', '6.3.0' ],
14 silly audit   'caniuse-lite': [ '1.0.30001653' ],
14 silly audit   canvas: [ '2.11.2' ],
14 silly audit   'char-regex': [ '1.0.2' ],
14 silly audit   cheerio: [ '1.0.0-rc.12' ],
14 silly audit   'cheerio-select': [ '2.1.0' ],
14 silly audit   chownr: [ '2.0.0' ],
14 silly audit   'ci-info': [ '3.9.0' ],
14 silly audit   'cjs-module-lexer': [ '1.4.0' ],
14 silly audit   'cli-cursor': [ '4.0.0' ],
14 silly audit   cliui: [ '8.0.1' ],
14 silly audit   'wrap-ansi': [ '7.0.0', '9.0.0' ],
14 silly audit   'clone-response': [ '1.0.3' ],
14 silly audit   co: [ '4.6.0' ],
14 silly audit   'collect-v8-coverage': [ '1.0.2' ],
14 silly audit   'color-support': [ '1.1.3' ],
14 silly audit   'combined-stream': [ '1.0.8' ],
14 silly audit   'component-bind': [ '1.0.0' ],
14 silly audit   'component-emitter': [ '1.3.1', '1.2.1' ],
14 silly audit   'component-inherit': [ '0.0.3' ],
14 silly audit   'compress-commons': [ '5.0.3' ],
14 silly audit   'concat-map': [ '0.0.1' ],
14 silly audit   'console-control-strings': [ '1.1.0' ],
14 silly audit   'content-disposition': [ '0.5.4' ],
14 silly audit   'content-type': [ '1.0.5' ],
14 silly audit   'convert-source-map': [ '2.0.0' ],
14 silly audit   cookie: [ '0.6.0', '0.4.2' ],
14 silly audit   'cookie-signature': [ '1.0.6' ],
14 silly audit   'core-util-is': [ '1.0.3' ],
14 silly audit   'crc-32': [ '1.2.2' ],
14 silly audit   'crc32-stream': [ '5.0.1' ],
14 silly audit   'create-jest': [ '29.7.0' ],
14 silly audit   'cron-parser': [ '4.9.0' ],
14 silly audit   cropify: [ '1.0.9' ],
14 silly audit   'cross-fetch': [ '3.1.8' ],
14 silly audit   'cross-spawn': [ '7.0.3' ],
14 silly audit   'css-select': [ '5.1.0' ],
14 silly audit   'css-what': [ '6.1.0' ],
14 silly audit   'decompress-response': [ '6.0.0', '4.2.1' ],
14 silly audit   'mimic-response': [ '3.1.0', '1.0.1', '2.1.0' ],
14 silly audit   dedent: [ '1.5.3' ],
14 silly audit   deepmerge: [ '4.3.1' ],
14 silly audit   'defer-to-connect': [ '2.0.1' ],
14 silly audit   'define-data-property': [ '1.1.4' ],
14 silly audit   'delayed-stream': [ '1.0.0' ],
14 silly audit   delegates: [ '1.0.0' ],
14 silly audit   depd: [ '2.0.0' ],
14 silly audit   destroy: [ '1.2.0' ],
14 silly audit   'detect-libc': [ '2.0.3' ],
14 silly audit   'detect-newline': [ '3.1.0' ],
14 silly audit   'diff-sequences': [ '29.6.3' ],
14 silly audit   'discord-api-types': [ '0.37.83' ],
14 silly audit   'discord-hybrid-sharding': [ '2.2.0' ],
14 silly audit   'discord.js': [ '14.15.3' ],
14 silly audit   dokdo: [ '1.0.1' ],
14 silly audit   'dom-serializer': [ '2.0.0' ],
14 silly audit   'dom-walk': [ '0.1.2' ],
14 silly audit   domelementtype: [ '2.3.0' ],
14 silly audit   domhandler: [ '5.0.3' ],
14 silly audit   domutils: [ '3.1.0' ],
14 silly audit   dotenv: [ '16.4.5' ],
14 silly audit   'ee-first': [ '1.1.1' ],
14 silly audit   'electron-to-chromium': [ '1.5.13' ],
14 silly audit   emittery: [ '0.13.1' ],
14 silly audit   'emoji-regex': [ '8.0.0', '10.3.0' ],
14 silly audit   encodeurl: [ '1.0.2' ],
14 silly audit   'end-of-stream': [ '1.4.4' ],
14 silly audit   'engine.io': [ '3.6.1' ],
14 silly audit   'engine.io-client': [ '3.5.3' ],
14 silly audit   ws: [ '7.4.6', '8.17.0' ],
14 silly audit   'engine.io-parser': [ '2.2.1' ],
14 silly audit   entities: [ '4.5.0' ],
14 silly audit   'error-ex': [ '1.3.2' ],
14 silly audit   'es-define-property': [ '1.0.0' ],
14 silly audit   'es-errors': [ '1.3.0' ],
14 silly audit   escalade: [ '3.1.2' ],
14 silly audit   'escape-html': [ '1.0.3' ],
14 silly audit   esprima: [ '4.0.1' ],
14 silly audit   etag: [ '1.8.1' ],
14 silly audit   'event-loop-stats': [ '1.2.0' ],
14 silly audit   events: [ '3.3.0' ],
14 silly audit   execa: [ '5.1.1' ],
14 silly audit   'get-stream': [ '6.0.1', '5.2.0' ],
14 silly audit   'exif-parser': [ '0.1.12' ],
14 silly audit   exit: [ '0.1.2' ],
14 silly audit   expect: [ '29.7.0' ],
14 silly audit   express: [ '4.19.2' ],
14 silly audit   'express-status-monitor': [ '1.3.4' ],
14 silly audit   'fast-deep-equal': [ '3.1.3' ],
14 silly audit   'fast-fifo': [ '1.3.2' ],
14 silly audit   'fast-json-stable-stringify': [ '2.1.0' ],
14 silly audit   'fb-watchman': [ '2.0.2' ],
14 silly audit   'file-type': [ '16.5.4' ],
14 silly audit   'fill-range': [ '7.1.1' ],
14 silly audit   finalhandler: [ '1.2.0' ],
14 silly audit   'find-up': [ '4.1.0' ],
14 silly audit   'follow-redirects': [ '1.15.6' ],
14 silly audit   'form-data': [ '4.0.0' ],
14 silly audit   forwarded: [ '0.2.0' ],
14 silly audit   fresh: [ '0.5.2' ],
14 silly audit   'fs-minipass': [ '2.1.0' ],
14 silly audit   minipass: [ '3.3.6', '5.0.0' ],
14 silly audit   'fs.realpath': [ '1.0.0' ],
14 silly audit   fsevents: [ '2.3.3' ],
14 silly audit   'function-bind': [ '1.1.2' ],
14 silly audit   gauge: [ '3.0.2' ],
14 silly audit   gensync: [ '1.0.0-beta.2' ],
14 silly audit   'get-caller-file': [ '2.0.5' ],
14 silly audit   'get-east-asian-width': [ '1.2.0' ],
14 silly audit   'get-intrinsic': [ '1.2.4' ],
14 silly audit   'get-package-type': [ '0.1.0' ],
14 silly audit   gifwrap: [ '0.10.1' ],
14 silly audit   global: [ '4.4.0' ],
14 silly audit   globals: [ '11.12.0' ],
14 silly audit   gopd: [ '1.0.1' ],
14 silly audit   got: [ '11.8.6' ],
14 silly audit   'graceful-fs': [ '4.2.11' ],
14 silly audit   handlebars: [ '4.7.8' ],
14 silly audit   'has-binary2': [ '1.0.3' ],
14 silly audit   'has-cors': [ '1.1.0' ],
14 silly audit   'has-property-descriptors': [ '1.0.2' ],
14 silly audit   'has-proto': [ '1.0.3' ],
14 silly audit   'has-symbols': [ '1.0.3' ],
14 silly audit   'has-unicode': [ '2.0.1' ],
14 silly audit   hasown: [ '2.0.2' ],
14 silly audit   'html-escaper': [ '2.0.2' ],
14 silly audit   htmlparser2: [ '8.0.2' ],
14 silly audit   'http-cache-semantics': [ '4.1.1' ],
14 silly audit   'http-errors': [ '2.0.0' ],
14 silly audit   'http2-wrapper': [ '1.0.3' ],
14 silly audit   'https-proxy-agent': [ '5.0.1' ],
14 silly audit   'human-signals': [ '2.1.0' ],
14 silly audit   'iconv-lite': [ '0.4.24' ],
14 silly audit   ieee754: [ '1.2.1' ],
14 silly audit   'image-q': [ '4.0.0' ],
14 silly audit   'import-local': [ '3.2.0' ],
14 silly audit   imurmurhash: [ '0.1.4' ],
14 silly audit   indexof: [ '0.0.1' ],
14 silly audit   inflight: [ '1.0.6' ],
14 silly audit   inherits: [ '2.0.4', '2.0.3' ],
14 silly audit   'ipaddr.js': [ '1.9.1' ],
14 silly audit   'is-arrayish': [ '0.2.1' ],
14 silly audit   'is-core-module': [ '2.15.1' ],
14 silly audit   'is-fullwidth-code-point': [ '5.0.0', '3.0.0' ],
14 silly audit   'is-function': [ '1.0.2' ],
14 silly audit   'is-generator-fn': [ '2.1.0' ],
14 silly audit   'is-number': [ '7.0.0' ],
14 silly audit   'is-stream': [ '2.0.1' ],
14 silly audit   isarray: [ '2.0.1', '1.0.0' ],
14 silly audit   isexe: [ '2.0.0' ],
14 silly audit   'isomorphic-fetch': [ '3.0.0' ],
14 silly audit   'istanbul-lib-coverage': [ '3.2.2' ],
14 silly audit   'istanbul-lib-report': [ '3.0.1' ],
14 silly audit   'make-dir': [ '4.0.0', '3.1.0' ],
14 silly audit   'istanbul-lib-source-maps': [ '4.0.1' ],
14 silly audit   'istanbul-reports': [ '3.1.7' ],
14 silly audit   'javascript-stringify': [ '2.1.0' ],
14 silly audit   jest: [ '29.7.0' ],
14 silly audit   'jest-changed-files': [ '29.7.0' ],
14 silly audit   'jest-circus': [ '29.7.0' ],
14 silly audit   'jest-cli': [ '29.7.0' ],
14 silly audit   'jest-config': [ '29.7.0' ],
14 silly audit   'jest-diff': [ '29.7.0' ],
14 silly audit   'jest-docblock': [ '29.7.0' ],
14 silly audit   'jest-each': [ '29.7.0' ],
14 silly audit   'jest-environment-node': [ '29.7.0' ],
14 silly audit   'jest-get-type': [ '29.6.3' ],
14 silly audit   'jest-haste-map': [ '29.7.0' ],
14 silly audit   'jest-leak-detector': [ '29.7.0' ],
14 silly audit   'jest-matcher-utils': [ '29.7.0' ],
14 silly audit   'jest-message-util': [ '29.7.0' ],
14 silly audit   'jest-mock': [ '29.7.0' ],
14 silly audit   'jest-pnp-resolver': [ '1.2.3' ],
14 silly audit   'jest-regex-util': [ '29.6.3' ],
14 silly audit   'jest-resolve': [ '29.7.0' ],
14 silly audit   'jest-resolve-dependencies': [ '29.7.0' ],
14 silly audit   'jest-runner': [ '29.7.0' ],
14 silly audit   'jest-runtime': [ '29.7.0' ],
14 silly audit   'jest-snapshot': [ '29.7.0' ],
14 silly audit   'jest-util': [ '29.7.0' ],
14 silly audit   'jest-validate': [ '29.7.0' ],
14 silly audit   'jest-watcher': [ '29.7.0' ],
14 silly audit   'jest-worker': [ '29.7.0' ],
14 silly audit   jimp: [ '0.22.12' ],
14 silly audit   'jpeg-js': [ '0.4.4' ],
14 silly audit   'js-tokens': [ '4.0.0' ],
14 silly audit   jsesc: [ '2.5.2' ],
14 silly audit   'json-buffer': [ '3.0.1' ],
14 silly audit   'json-parse-even-better-errors': [ '2.3.1' ],
14 silly audit   json5: [ '2.2.3' ],
14 silly audit   kazagumo: [ '3.0.4' ],
14 silly audit   'kazagumo-apple': [ '2.0.2' ],
14 silly audit   'kazagumo-deezer': [ '2.0.2' ],
14 silly audit   'kazagumo-filter': [ '2.0.0' ],
14 silly audit   'kazagumo-spotify': [ '2.0.2' ],
14 silly audit   undici: [ '5.28.4', '6.13.0' ],
14 silly audit   keyv: [ '4.5.4' ],
14 silly audit   kleur: [ '3.0.3' ],
14 silly audit   lazystream: [ '1.0.1' ],
14 silly audit   'readable-stream': [ '2.3.8', '3.6.2' ],
14 silly audit   'safe-buffer': [ '5.1.2', '5.2.1' ],
14 silly audit   string_decoder: [ '1.1.1', '1.3.0' ],
14 silly audit   leven: [ '3.1.0' ],
14 silly audit   'lines-and-columns': [ '1.2.4' ],
14 silly audit   'load-bmfont': [ '1.4.1' ],
14 silly audit   'locate-path': [ '5.0.0' ],
14 silly audit   lodash: [ '4.17.21' ],
14 silly audit   'lodash.clonedeep': [ '4.5.0' ],
14 silly audit   'lodash.snakecase': [ '4.1.1' ],
14 silly audit   'log-update': [ '6.0.0' ],
14 silly audit   'long-timeout': [ '0.1.1' ],
14 silly audit   'lowercase-keys': [ '2.0.0' ],
14 silly audit   'lru-cache': [ '5.1.1' ],
14 silly audit   yallist: [ '3.1.1', '4.0.0' ],
14 silly audit   luxon: [ '3.4.4' ],
14 silly audit   'magic-bytes.js': [ '1.10.0' ],
14 silly audit   makeerror: [ '1.0.12' ],
14 silly audit   'media-typer': [ '0.3.0' ],
14 silly audit   'merge-descriptors': [ '1.0.1' ],
14 silly audit   'merge-stream': [ '2.0.0' ],
14 silly audit   methods: [ '1.1.2' ],
14 silly audit   micromatch: [ '4.0.8' ],
14 silly audit   mime: [ '1.6.0' ],
14 silly audit   'mime-db': [ '1.52.0' ],
14 silly audit   'mime-types': [ '2.1.35' ],
14 silly audit   'mimic-fn': [ '2.1.0' ],
14 silly audit   'min-document': [ '2.19.0' ],
14 silly audit   minimist: [ '1.2.8' ],
14 silly audit   minizlib: [ '2.1.2' ],
14 silly audit   mkdirp: [ '1.0.4' ],
14 silly audit   'module-alias': [ '2.2.3' ],
14 silly audit   moment: [ '2.30.1' ],
14 silly audit   'moment-duration-format': [ '2.3.2' ],
14 silly audit   musicard: [ '2.0.5' ],
14 silly audit   nan: [ '2.19.0' ],
14 silly audit   'natural-compare': [ '1.4.0' ],
14 silly audit   negotiator: [ '0.6.3' ],
14 silly audit   'neo-async': [ '2.6.2' ],
14 silly audit   'node-fetch': [ '2.7.0' ],
14 silly audit   'node-int64': [ '0.4.0' ],
14 silly audit   'node-releases': [ '2.0.18' ],
14 silly audit   'node-schedule': [ '2.1.1' ],
14 silly audit   nodeactyl: [ '3.3.0' ],
14 silly audit   nopt: [ '5.0.0' ],
14 silly audit   'normalize-path': [ '3.0.0' ],
14 silly audit   'normalize-url': [ '6.1.0' ],
14 silly audit   'npm-run-path': [ '4.0.1' ],
14 silly audit   npmlog: [ '5.0.1' ],
14 silly audit   'nth-check': [ '2.1.1' ],
14 silly audit   'object-assign': [ '4.1.1' ],
14 silly audit   'object-inspect': [ '1.13.1' ],
14 silly audit   omggif: [ '1.0.10' ],
14 silly audit   'on-change': [ '2.2.3' ],
14 silly audit   'on-finished': [ '2.4.1' ],
14 silly audit   'on-headers': [ '1.0.2' ],
14 silly audit   once: [ '1.4.0' ],
14 silly audit   onetime: [ '5.1.2' ],
14 silly audit   'os-utils': [ '0.0.14' ],
14 silly audit   'p-cancelable': [ '2.1.1' ],
14 silly audit   'p-limit': [ '3.1.0', '2.3.0' ],
14 silly audit   'p-locate': [ '4.1.0' ],
14 silly audit   'p-try': [ '2.2.0' ],
14 silly audit   pako: [ '1.0.11' ],
14 silly audit   'parse-bmfont-ascii': [ '1.0.6' ],
14 silly audit   'parse-bmfont-binary': [ '1.0.6' ],
14 silly audit   'parse-bmfont-xml': [ '1.1.6' ],
14 silly audit   'parse-headers': [ '2.0.5' ],
14 silly audit   'parse-json': [ '5.2.0' ],
14 silly audit   parse5: [ '7.1.2' ],
14 silly audit   'parse5-htmlparser2-tree-adapter': [ '7.0.0' ],
14 silly audit   parseqs: [ '0.0.6' ],
14 silly audit   parseuri: [ '0.0.6' ],
14 silly audit   parseurl: [ '1.3.3' ],
14 silly audit   path: [ '0.12.7' ],
14 silly audit   'path-exists': [ '4.0.0' ],
14 silly audit   'path-is-absolute': [ '1.0.1' ],
14 silly audit   'path-key': [ '3.1.1' ],
14 silly audit   'path-parse': [ '1.0.7' ],
14 silly audit   'path-to-regexp': [ '0.1.7' ],
14 silly audit   'peek-readable': [ '4.1.0' ],
14 silly audit   phin: [ '2.9.3' ],
14 silly audit   picocolors: [ '1.0.1' ],
14 silly audit   picomatch: [ '2.3.1' ],
14 silly audit   pidusage: [ '2.0.18' ],
14 silly audit   pirates: [ '4.0.6' ],
14 silly audit   pixelmatch: [ '4.0.2' ],
14 silly audit   pngjs: [ '3.4.0', '6.0.0' ],
14 silly audit   'pkg-dir': [ '4.2.0' ],
14 silly audit   prettier: [ '3.2.5' ],
14 silly audit   'pretty-format': [ '29.7.0' ],
14 silly audit   process: [ '0.11.10' ],
14 silly audit   'process-nextick-args': [ '2.0.1' ],
14 silly audit   prompts: [ '2.4.2' ],
14 silly audit   'proxy-addr': [ '2.0.7' ],
14 silly audit   'proxy-from-env': [ '1.1.0' ],
14 silly audit   pump: [ '3.0.0' ],
14 silly audit   'pure-rand': [ '6.1.0' ],
14 silly audit   qs: [ '6.11.0' ],
14 silly audit   'queue-tick': [ '1.0.1' ],
14 silly audit   'quick-lru': [ '5.1.1' ],
14 silly audit   'quickchart-js': [ '3.1.3' ],
14 silly audit   randombytes: [ '2.1.0' ],
14 silly audit   'range-parser': [ '1.2.1' ],
14 silly audit   'raw-body': [ '2.5.2' ],
14 silly audit   'react-is': [ '18.3.1' ],
14 silly audit   'readable-web-to-node-stream': [ '3.0.2' ],
14 silly audit   'readdir-glob': [ '1.1.3' ],
14 silly audit   'regenerator-runtime': [ '0.13.11' ],
14 silly audit   'require-directory': [ '2.1.1' ],
14 silly audit   resolve: [ '1.22.8' ],
14 silly audit   'resolve-alpn': [ '1.2.1' ],
14 silly audit   'resolve-cwd': [ '3.0.0' ],
14 silly audit   'resolve-from': [ '5.0.0' ],
14 silly audit   'resolve.exports': [ '2.0.2' ],
14 silly audit   responselike: [ '2.0.1' ],
14 silly audit   'restore-cursor': [ '4.0.0' ],
14 silly audit   rimraf: [ '3.0.2' ],
14 silly audit   'safer-buffer': [ '2.1.2' ],
14 silly audit   sax: [ '1.3.0' ],
14 silly audit   send: [ '0.18.0' ],
14 silly audit   'serve-static': [ '1.15.0' ],
14 silly audit   'set-blocking': [ '2.0.0' ],
14 silly audit   'set-function-length': [ '1.2.2' ],
14 silly audit   setprototypeof: [ '1.2.0' ],
14 silly audit   'shebang-command': [ '2.0.0' ],
14 silly audit   'shebang-regex': [ '3.0.0' ],
14 silly audit   shoukaku: [ '4.0.1' ],
14 silly audit   'side-channel': [ '1.0.6' ],
14 silly audit   'signal-exit': [ '3.0.7' ],
14 silly audit   'simple-concat': [ '1.0.1' ],
14 silly audit   'simple-get': [ '3.1.1' ],
14 silly audit   sisteransi: [ '1.0.5' ],
14 silly audit   slash: [ '3.0.0' ],
14 silly audit   'slice-ansi': [ '7.1.0' ],
14 silly audit   'socket.io': [ '2.5.0' ],
14 silly audit   'socket.io-adapter': [ '1.1.2' ],
14 silly audit   'socket.io-client': [ '2.5.0' ],
14 silly audit   'socket.io-parser': [ '3.3.3', '3.4.3' ],
14 silly audit   'sorted-array-functions': [ '1.3.0' ],
14 silly audit   'source-map': [ '0.6.1' ],
14 silly audit   'source-map-support': [ '0.5.13' ],
14 silly audit   'sprintf-js': [ '1.0.3' ],
14 silly audit   'stack-utils': [ '2.0.6' ],
14 silly audit   statuses: [ '2.0.1' ],
14 silly audit   streamx: [ '2.16.1' ],
14 silly audit   'string-length': [ '4.0.2' ],
14 silly audit   'string-width': [ '4.2.3', '7.1.0' ],
14 silly audit   'strip-bom': [ '4.0.0' ],
14 silly audit   'strip-final-newline': [ '2.0.0' ],
14 silly audit   'strip-json-comments': [ '3.1.1' ],
14 silly audit   strtok3: [ '6.3.0' ],
14 silly audit   'supports-preserve-symlinks-flag': [ '1.0.0' ],
14 silly audit   tar: [ '6.2.1' ],
14 silly audit   'tar-stream': [ '3.1.7' ],
14 silly audit   'test-exclude': [ '6.0.0' ],
14 silly audit   timm: [ '1.7.1' ],
14 silly audit   tinycolor2: [ '1.6.0' ],
14 silly audit   tmpl: [ '1.0.5' ],
14 silly audit   'to-array': [ '0.1.4' ],
14 silly audit   'to-fast-properties': [ '2.0.0' ],
14 silly audit   'to-regex-range': [ '5.0.1' ],
14 silly audit   toidentifier: [ '1.0.1' ],
14 silly audit   'token-types': [ '4.2.1' ],
14 silly audit   tr46: [ '0.0.3' ],
14 silly audit   'ts-mixer': [ '6.0.4' ],
14 silly audit   tslib: [ '2.6.2' ],
14 silly audit   'type-detect': [ '4.0.8' ],
14 silly audit   'type-fest': [ '0.21.3' ],
14 silly audit   'type-is': [ '1.6.18' ],
14 silly audit   'uglify-js': [ '3.17.4' ],
14 silly audit   unpipe: [ '1.0.0' ],
14 silly audit   'update-browserslist-db': [ '1.1.0' ],
14 silly audit   'user-agents': [ '1.1.205' ],
14 silly audit   utif2: [ '4.1.0' ],
14 silly audit   util: [ '0.10.4' ],
14 silly audit   'util-deprecate': [ '1.0.2' ],
14 silly audit   'utils-merge': [ '1.0.1' ],
14 silly audit   uuid: [ '8.3.2' ],
14 silly audit   'v8-to-istanbul': [ '9.3.0' ],
14 silly audit   vary: [ '1.1.2' ],
14 silly audit   vibesync: [ '1.0.6' ],
14 silly audit   'voucher-code-generator': [ '1.3.0' ],
14 silly audit   walker: [ '1.0.8' ],
14 silly audit   'webidl-conversions': [ '3.0.1' ],
14 silly audit   'whatwg-fetch': [ '3.6.20' ],
14 silly audit   'whatwg-url': [ '5.0.0' ],
14 silly audit   which: [ '2.0.2' ],
14 silly audit   'wide-align': [ '1.1.5' ],
14 silly audit   wordwrap: [ '1.0.0' ],
14 silly audit   wrappy: [ '1.0.2' ],
14 silly audit   'write-file-atomic': [ '4.0.2' ],
14 silly audit   xhr: [ '2.6.0' ],
14 silly audit   'xml-parse-from-string': [ '1.0.1' ],
14 silly audit   xml2js: [ '0.5.0' ],
14 silly audit   xmlbuilder: [ '11.0.1' ],
14 silly audit   'xmlhttprequest-ssl': [ '1.6.3' ],
14 silly audit   xtend: [ '4.0.2' ],
14 silly audit   y18n: [ '5.0.8' ],
14 silly audit   yargs: [ '17.7.2' ],
14 silly audit   'yargs-parser': [ '21.1.1' ],
14 silly audit   yeast: [ '0.1.2' ],
14 silly audit   'yocto-queue': [ '0.1.0' ],
14 silly audit   'zip-stream': [ '5.0.2' ]
14 silly audit }
15 verbose reify failed optional dependency /home/container/node_modules/fsevents
16 silly reify mark deleted [ '/home/container/node_modules/fsevents' ]
17 verbose reify failed optional dependency /home/container/node_modules/@napi-rs/canvas-win32-x64-msvc
18 silly reify mark deleted [ '/home/container/node_modules/@napi-rs/canvas-win32-x64-msvc' ]
19 verbose reify failed optional dependency /home/container/node_modules/@napi-rs/canvas-linux-arm64-musl
20 silly reify mark deleted [ '/home/container/node_modules/@napi-rs/canvas-linux-arm64-musl' ]
21 verbose reify failed optional dependency /home/container/node_modules/@napi-rs/canvas-linux-arm64-gnu
22 silly reify mark deleted [ '/home/container/node_modules/@napi-rs/canvas-linux-arm64-gnu' ]
23 verbose reify failed optional dependency /home/container/node_modules/@napi-rs/canvas-linux-arm-gnueabihf
24 silly reify mark deleted [ '/home/container/node_modules/@napi-rs/canvas-linux-arm-gnueabihf' ]
25 verbose reify failed optional dependency /home/container/node_modules/@napi-rs/canvas-darwin-x64
26 silly reify mark deleted [ '/home/container/node_modules/@napi-rs/canvas-darwin-x64' ]
27 verbose reify failed optional dependency /home/container/node_modules/@napi-rs/canvas-darwin-arm64
28 silly reify mark deleted [ '/home/container/node_modules/@napi-rs/canvas-darwin-arm64' ]
29 verbose reify failed optional dependency /home/container/node_modules/@napi-rs/canvas-android-arm64
30 silly reify mark deleted [ '/home/container/node_modules/@napi-rs/canvas-android-arm64' ]
31 http fetch POST 200 https://registry.npmjs.org/-/npm/v1/security/advisories/bulk 1625ms
32 silly audit report {
32 silly audit report   debug: [
32 silly audit report     {
32 silly audit report       id: 1096792,
32 silly audit report       url: 'https://github.com/advisories/GHSA-gxpj-cx7g-858c',
32 silly audit report       title: 'Regular Expression Denial of Service in debug',
32 silly audit report       severity: 'low',
32 silly audit report       vulnerable_versions: '>=4.0.0 <4.3.1',
32 silly audit report       cwe: [Array],
32 silly audit report       cvss: [Object]
32 silly audit report     }
32 silly audit report   ],
32 silly audit report   axios: [
32 silly audit report     {
32 silly audit report       id: 1097679,
32 silly audit report       url: 'https://github.com/advisories/GHSA-wf5p-g6vw-rhxx',
32 silly audit report       title: 'Axios Cross-Site Request Forgery Vulnerability',
32 silly audit report       severity: 'moderate',
32 silly audit report       vulnerable_versions: '>=0.8.1 <0.28.0',
32 silly audit report       cwe: [Array],
32 silly audit report       cvss: [Object]
32 silly audit report     }
32 silly audit report   ],
32 silly audit report   ws: [
32 silly audit report     {
32 silly audit report       id: 1098393,
32 silly audit report       url: 'https://github.com/advisories/GHSA-3h5v-q93c-6h6q',
32 silly audit report       title: 'ws affected by a DoS when handling a request with many HTTP headers',
32 silly audit report       severity: 'high',
32 silly audit report       vulnerable_versions: '>=7.0.0 <7.5.10',
32 silly audit report       cwe: [Array],
32 silly audit report       cvss: [Object]
32 silly audit report     },
32 silly audit report     {
32 silly audit report       id: 1098392,
32 silly audit report       url: 'https://github.com/advisories/GHSA-3h5v-q93c-6h6q',
32 silly audit report       title: 'ws affected by a DoS when handling a request with many HTTP headers',
32 silly audit report       severity: 'high',
32 silly audit report       vulnerable_versions: '>=8.0.0 <8.17.1',
32 silly audit report       cwe: [Array],
32 silly audit report       cvss: [Object]
32 silly audit report     }
32 silly audit report   ],
32 silly audit report   'path-to-regexp': [
32 silly audit report     {
32 silly audit report       id: 1099500,
32 silly audit report       url: 'https://github.com/advisories/GHSA-9wv6-86v2-598j',
32 silly audit report       title: 'path-to-regexp outputs backtracking regular expressions',
32 silly audit report       severity: 'high',
32 silly audit report       vulnerable_versions: '<0.1.10',
32 silly audit report       cwe: [Array],
32 silly audit report       cvss: [Object]
32 silly audit report     }
32 silly audit report   ],
32 silly audit report   phin: [
32 silly audit report     {
32 silly audit report       id: 1096967,
32 silly audit report       url: 'https://github.com/advisories/GHSA-x565-32qp-m3vf',
32 silly audit report       title: 'phin may include sensitive headers in subsequent requests after redirect',
32 silly audit report       severity: 'moderate',
32 silly audit report       vulnerable_versions: '<3.7.1',
32 silly audit report       cwe: [Array],
32 silly audit report       cvss: [Object]
32 silly audit report     }
32 silly audit report   ],
32 silly audit report   'socket.io-parser': [
32 silly audit report     {
32 silly audit report       id: 1098328,
32 silly audit report       url: 'https://github.com/advisories/GHSA-cqmj-92xf-r6r9',
32 silly audit report       title: 'Insufficient validation when decoding a Socket.IO packet',
32 silly audit report       severity: 'high',
32 silly audit report       vulnerable_versions: '<3.3.4',
32 silly audit report       cwe: [Array],
32 silly audit report       cvss: [Object]
32 silly audit report     }
32 silly audit report   ]
32 silly audit report }
33 silly packumentCache corgi:https://registry.npmjs.org/debug cache-miss
34 silly packumentCache corgi:https://registry.npmjs.org/axios cache-miss
35 silly packumentCache corgi:https://registry.npmjs.org/ws cache-miss
36 silly packumentCache corgi:https://registry.npmjs.org/path-to-regexp cache-miss
37 silly packumentCache corgi:https://registry.npmjs.org/phin cache-miss
38 silly packumentCache corgi:https://registry.npmjs.org/socket.io-parser cache-miss
39 http fetch GET 200 https://registry.npmjs.org/axios 220ms (cache revalidated)
40 silly packumentCache corgi:https://registry.npmjs.org/axios set size:217819 disposed:false
41 http fetch GET 200 https://registry.npmjs.org/debug 279ms (cache revalidated)
42 silly packumentCache corgi:https://registry.npmjs.org/debug set size:72932 disposed:false
43 http fetch GET 200 https://registry.npmjs.org/phin 287ms (cache revalidated)
44 silly packumentCache corgi:https://registry.npmjs.org/phin set size:57274 disposed:false
45 http fetch GET 200 https://registry.npmjs.org/ws 290ms (cache revalidated)
46 silly packumentCache corgi:https://registry.npmjs.org/ws set size:190597 disposed:false
47 http fetch GET 200 https://registry.npmjs.org/socket.io-parser 294ms (cache revalidated)
48 silly packumentCache corgi:https://registry.npmjs.org/socket.io-parser set size:62776 disposed:false
49 http fetch GET 200 https://registry.npmjs.org/path-to-regexp 302ms (cache miss)
50 silly packumentCache corgi:https://registry.npmjs.org/path-to-regexp set size:undefined disposed:false
51 silly packumentCache corgi:https://registry.npmjs.org/engine.io cache-miss
52 silly packumentCache corgi:https://registry.npmjs.org/express-status-monitor cache-miss
53 silly packumentCache corgi:https://registry.npmjs.org/socket.io cache-miss
54 http fetch GET 200 https://registry.npmjs.org/socket.io 49ms (cache revalidated)
55 silly packumentCache corgi:https://registry.npmjs.org/socket.io set size:163472 disposed:false
56 http fetch GET 200 https://registry.npmjs.org/express-status-monitor 102ms (cache revalidated)
57 silly packumentCache corgi:https://registry.npmjs.org/express-status-monitor set size:51324 disposed:false
58 http fetch GET 200 https://registry.npmjs.org/engine.io 106ms (cache revalidated)
59 silly packumentCache corgi:https://registry.npmjs.org/engine.io set size:163321 disposed:false
60 silly packumentCache corgi:https://registry.npmjs.org/nodeactyl cache-miss
61 http fetch GET 200 https://registry.npmjs.org/nodeactyl 266ms (cache revalidated)
62 silly packumentCache corgi:https://registry.npmjs.org/nodeactyl set size:66983 disposed:false
63 silly packumentCache corgi:https://registry.npmjs.org/engine.io-client cache-miss
64 http fetch GET 200 https://registry.npmjs.org/engine.io-client 116ms (cache revalidated)
65 silly packumentCache corgi:https://registry.npmjs.org/engine.io-client set size:216774 disposed:false
66 silly packumentCache corgi:https://registry.npmjs.org/@discordjs%2fws cache-miss
67 silly packumentCache corgi:https://registry.npmjs.org/shoukaku cache-miss
68 http fetch GET 200 https://registry.npmjs.org/shoukaku 161ms (cache revalidated)
69 silly packumentCache corgi:https://registry.npmjs.org/shoukaku set size:111546 disposed:false
70 http fetch GET 200 https://registry.npmjs.org/@discordjs%2fws 251ms (cache revalidated)
71 silly packumentCache corgi:https://registry.npmjs.org/@discordjs%2fws set size:2099957 disposed:false
72 silly packumentCache corgi:https://registry.npmjs.org/express cache-miss
73 http fetch GET 200 https://registry.npmjs.org/express 101ms (cache miss)
74 silly packumentCache corgi:https://registry.npmjs.org/express set size:undefined disposed:false
75 silly packumentCache corgi:https://registry.npmjs.org/load-bmfont cache-miss
76 http fetch GET 200 https://registry.npmjs.org/load-bmfont 29ms (cache revalidated)
77 silly packumentCache corgi:https://registry.npmjs.org/load-bmfont set size:12695 disposed:false
78 silly packumentCache corgi:https://registry.npmjs.org/socket.io-client cache-miss
79 http fetch GET 200 https://registry.npmjs.org/socket.io-client 36ms (cache revalidated)
80 silly packumentCache corgi:https://registry.npmjs.org/socket.io-client set size:191991 disposed:false
81 silly packumentCache corgi:https://registry.npmjs.org/@jimp%2fplugin-print cache-miss
82 http fetch GET 200 https://registry.npmjs.org/@jimp%2fplugin-print 149ms (cache revalidated)
83 silly packumentCache corgi:https://registry.npmjs.org/@jimp%2fplugin-print set size:417505 disposed:false
84 silly ADD
85 silly ADD
86 silly ADD
87 silly ADD
88 silly ADD
89 silly ADD
90 silly ADD
91 silly ADD
92 verbose cwd /home/container
93 verbose os Linux 6.8.0-41-generic
94 verbose node v20.17.0
95 verbose npm  v10.8.3
96 verbose exit 0
97 info ok
